c:\users\hp\desktop\6584_danial_prototype\x64\debug\vc142.pdb
c:\users\hp\desktop\6584_danial_prototype\x64\debug\vc142.idb
c:\users\hp\desktop\6584_danial_prototype\x64\debug\right_triangle_mesh.obj
c:\users\hp\desktop\6584_danial_prototype\x64\debug\right_head.obj
c:\users\hp\desktop\6584_danial_prototype\x64\debug\pointy_head.obj
c:\users\hp\desktop\6584_danial_prototype\x64\debug\pentagon_mesh.obj
c:\users\hp\desktop\6584_danial_prototype\x64\debug\mesh.obj
c:\users\hp\desktop\6584_danial_prototype\x64\debug\crate.obj
c:\users\hp\desktop\6584_danial_prototype\x64\debug\main.obj
c:\users\hp\desktop\6584_danial_prototype\x64\debug\input.obj
c:\users\hp\desktop\6584_danial_prototype\x64\debug\game_object.obj
c:\users\hp\desktop\6584_danial_prototype\x64\debug\engine.obj
c:\users\hp\desktop\6584_danial_prototype\x64\debug\pyramid.obj
c:\users\hp\desktop\6584_danial_prototype\x64\debug\pantagon.obj
c:\users\hp\desktop\6584_danial_prototype\x64\debug\cube_mesh.obj
c:\users\hp\desktop\6584_danial_prototype\x64\debug\cubie.obj
c:\users\hp\desktop\6584_danial_prototype\x64\debug\colored_3d_shader_program.obj
c:\users\hp\desktop\6584_danial_prototype\x64\debug\blocky_boy.obj
c:\users\hp\desktop\6584_danial_prototype\x64\debug\assets.obj
c:\users\hp\desktop\6584_danial_prototype\x64\debug\asset.obj
c:\users\hp\desktop\6584_danial_prototype\x64\debug\airplane.obj
c:\users\hp\desktop\6584_danial_prototype\x64\debug\square_box.obj
c:\users\hp\desktop\6584_danial_prototype\x64\debug\cubiecube.obj
c:\users\hp\desktop\6584_danial_prototype\x64\debug\triangular_prism_mesh.obj
c:\users\hp\desktop\6584_danial_prototype\x64\debug\triangle_mesh.obj
c:\users\hp\desktop\6584_danial_prototype\x64\debug\textured_3d_shader_program.obj
c:\users\hp\desktop\6584_danial_prototype\x64\debug\texture.obj
c:\users\hp\desktop\6584_danial_prototype\x64\debug\shader_program.obj
c:\users\hp\desktop\6584_danial_prototype\x64\debug\shader.obj
c:\users\hp\desktop\6584_danial_prototype\x64\debug\scene.obj
c:\users\hp\desktop\6584_danial_prototype\x64\debug\square_mesh.obj
c:\users\hp\desktop\6584_danial_prototype\x64\debug\feature_complete.tlog\cl.command.1.tlog
c:\users\hp\desktop\6584_danial_prototype\x64\debug\feature_complete.tlog\cl.read.1.tlog
c:\users\hp\desktop\6584_danial_prototype\x64\debug\feature_complete.tlog\cl.write.1.tlog
